0 info it worked if it ends with ok
1 verbose cli [ '/usr/bin/nodejs', '/usr/bin/npm', 'run', 'watch' ]
2 info using npm@3.5.2
3 info using node@v4.2.6
4 verbose run-script [ 'prewatch', 'watch', 'postwatch' ]
5 info lifecycle stb-mean@1.0.0~prewatch: stb-mean@1.0.0
6 silly lifecycle stb-mean@1.0.0~prewatch: no script for prewatch, continuing
7 info lifecycle stb-mean@1.0.0~watch: stb-mean@1.0.0
8 verbose lifecycle stb-mean@1.0.0~watch: unsafe-perm in lifecycle true
9 verbose lifecycle stb-mean@1.0.0~watch: PATH: /usr/share/npm/bin/node-gyp-bin:/home/evankielley/IcebergMEAN/node_modules/.bin:/home/evankielley/anaconda3/bin:/usr/local/sbin:/usr/local/bin:/usr/sbin:/usr/bin:/sbin:/bin:/usr/games:/usr/local/games:/snap/bin
10 verbose lifecycle stb-mean@1.0.0~watch: CWD: /home/evankielley/IcebergMEAN
11 silly lifecycle stb-mean@1.0.0~watch: Args: [ '-c', 'gulp watch --gulpfile client/gulpfile.babel.js' ]
12 silly lifecycle stb-mean@1.0.0~watch: Returned: code: 1  signal: null
13 info lifecycle stb-mean@1.0.0~watch: Failed to exec watch script
14 verbose stack Error: stb-mean@1.0.0 watch: `gulp watch --gulpfile client/gulpfile.babel.js`
14 verbose stack Exit status 1
14 verbose stack     at EventEmitter.<anonymous> (/usr/share/npm/lib/utils/lifecycle.js:232:16)
14 verbose stack     at emitTwo (events.js:87:13)
14 verbose stack     at EventEmitter.emit (events.js:172:7)
14 verbose stack     at ChildProcess.<anonymous> (/usr/share/npm/lib/utils/spawn.js:24:14)
14 verbose stack     at emitTwo (events.js:87:13)
14 verbose stack     at ChildProcess.emit (events.js:172:7)
14 verbose stack     at maybeClose (internal/child_process.js:821:16)
14 verbose stack     at Process.ChildProcess._handle.onexit (internal/child_process.js:211:5)
15 verbose pkgid stb-mean@1.0.0
16 verbose cwd /home/evankielley/IcebergMEAN
17 error Linux 4.4.0-59-generic
18 error argv "/usr/bin/nodejs" "/usr/bin/npm" "run" "watch"
19 error node v4.2.6
20 error npm  v3.5.2
21 error code ELIFECYCLE
22 error stb-mean@1.0.0 watch: `gulp watch --gulpfile client/gulpfile.babel.js`
22 error Exit status 1
23 error Failed at the stb-mean@1.0.0 watch script 'gulp watch --gulpfile client/gulpfile.babel.js'.
23 error Make sure you have the latest version of node.js and npm installed.
23 error If you do, this is most likely a problem with the stb-mean package,
23 error not with npm itself.
23 error Tell the author that this fails on your system:
23 error     gulp watch --gulpfile client/gulpfile.babel.js
23 error You can get information on how to open an issue for this project with:
23 error     npm bugs stb-mean
23 error Or if that isn't available, you can get their info via:
23 error     npm owner ls stb-mean
23 error There is likely additional logging output above.
24 verbose exit [ 1, true ]
